npm ERR! code ERESOLVE
npm ERR! ERESOLVE unable to resolve dependency tree
npm ERR! 
npm ERR! While resolving: my-nextjs-app@0.1.0
npm ERR! Found: next@15.0.3
npm ERR! node_modules/next
npm ERR!   next@"15.0.3" from the root project
npm ERR! 
npm ERR! Could not resolve dependency:
npm ERR! peer next@"^13.5.0 || ^14.0.0" from @storybook/nextjs@8.4.2
npm ERR! node_modules/@storybook/nextjs
npm ERR!   dev @storybook/nextjs@"^8.4.2" from the root project
npm ERR! 
npm ERR! Fix the upstream dependency conflict, or retry
npm ERR! this command with --force or --legacy-peer-deps
npm ERR! to accept an incorrect (and potentially broken) dependency resolution.
npm ERR! 
npm ERR! 
npm ERR! For a full report see:
npm ERR! /home/lenovo/.npm/_logs/2024-11-08T06_25_07_397Z-eresolve-report.txt

npm ERR! A complete log of this run can be found in:
npm ERR!     /home/lenovo/.npm/_logs/2024-11-08T06_25_07_397Z-debug-0.log
